[0623/210219.616:ERROR:process_reader_win.cc(151)] SuspendThread: Access is denied. (0x5)
[0623/210219.695:ERROR:process_reader_win.cc(151)] SuspendThread: Access is denied. (0x5)
[0623/210219.587:ERROR:process_reader_win.cc(151)] SuspendThread: Access is denied. (0x5)
[0623/210219.553:ERROR:process_reader_win.cc(151)] SuspendThread: Access is denied. (0x5)
[0623/210219.648:ERROR:process_reader_win.cc(151)] SuspendThread: Access is denied. (0x5)
[0623/210219.774:ERROR:process_reader_win.cc(151)] SuspendThread: Access is denied. (0x5)
[0623/210219.774:ERROR:process_reader_win.cc(151)] SuspendThread: Access is denied. (0x5)
[0623/210219.774:ERROR:process_reader_win.cc(151)] SuspendThread: Access is denied. (0x5)
[0623/210219.774:ERROR:process_reader_win.cc(151)] SuspendThread: Access is denied. (0x5)
[0623/210219.774:ERROR:process_reader_win.cc(151)] SuspendThread: Access is denied. (0x5)
[0623/210219.775:ERROR:process_reader_win.cc(151)] SuspendThread: Access is denied. (0x5)
[0623/210219.837:ERROR:process_reader_win.cc(151)] SuspendThread: Access is denied. (0x5)
[0623/210219.616:ERROR:process_reader_win.cc(151)] SuspendThread: Access is denied. (0x5)
[0623/210219.678:ERROR:process_reader_win.cc(151)] SuspendThread: Access is denied. (0x5)
[0623/210219.837:ERROR:process_reader_win.cc(151)] SuspendThread: Access is denied. (0x5)
[0623/210219.837:ERROR:process_reader_win.cc(151)] SuspendThread: Access is denied. (0x5)
[0623/210219.837:ERROR:process_reader_win.cc(151)] SuspendThread: Access is denied. (0x5)
[0623/210219.837:ERROR:process_reader_win.cc(151)] SuspendThread: Access is denied. (0x5)
[0623/210219.837:ERROR:process_reader_win.cc(151)] SuspendThread: Access is denied. (0x5)
[0623/210219.837:ERROR:process_reader_win.cc(151)] SuspendThread: Access is denied. (0x5)
[0623/210219.775:ERROR:process_reader_win.cc(151)] SuspendThread: Access is denied. (0x5)
[0623/210219.837:ERROR:process_reader_win.cc(151)] SuspendThread: Access is denied. (0x5)
[0623/210219.678:ERROR:process_reader_win.cc(151)] SuspendThread: Access is denied. (0x5)
[0623/210219.837:ERROR:process_reader_win.cc(151)] SuspendThread: Access is denied. (0x5)
[0623/210219.837:ERROR:process_reader_win.cc(151)] SuspendThread: Access is denied. (0x5)
[0623/210219.837:ERROR:process_reader_win.cc(151)] SuspendThread: Access is denied. (0x5)
[0623/210219.775:ERROR:process_reader_win.cc(151)] SuspendThread: Access is denied. (0x5)
[0623/210219.837:ERROR:process_reader_win.cc(151)] SuspendThread: Access is denied. (0x5)
[0623/210219.837:ERROR:process_reader_win.cc(151)] SuspendThread: Access is denied. (0x5)
[0623/210219.837:ERROR:process_reader_win.cc(151)] SuspendThread: Access is denied. (0x5)
[0623/210219.519:ERROR:process_info.cc(118)] ReadProcessMemory bool __cdecl crashpad::(anonymous namespace)::ReadStruct(HANDLE, crashpad::WinVMAddress, T *) [T = crashpad::process_types::LDR_DATA_TABLE_ENTRY<crashpad::process_types::internal::Traits64>]: Only part of a ReadProcessMemory or WriteProcessMemory request was completed. (0x12B)
[0623/210219.837:ERROR:process_reader_win.cc(151)] SuspendThread: Access is denied. (0x5)
[0623/210219.837:ERROR:process_reader_win.cc(151)] SuspendThread: Access is denied. (0x5)
[0623/210219.837:ERROR:process_info.cc(329)] VirtualQueryEx: Access is denied. (0x5)
[0623/210219.837:ERROR:process_reader_win.cc(151)] SuspendThread: Access is denied. (0x5)
[0623/210219.837:ERROR:process_reader_win.cc(151)] SuspendThread: Access is denied. (0x5)
[0623/210219.837:ERROR:process_reader_win.cc(151)] SuspendThread: Access is denied. (0x5)
[0623/210219.683:ERROR:process_reader_win.cc(151)] SuspendThread: Access is denied. (0x5)
[0623/210219.837:ERROR:process_reader_win.cc(151)] SuspendThread: Access is denied. (0x5)
[0623/210219.837:ERROR:process_reader_win.cc(151)] SuspendThread: Access is denied. (0x5)
[0623/210219.837:ERROR:process_reader_win.cc(151)] SuspendThread: Access is denied. (0x5)
[0623/210219.837:ERROR:process_reader_win.cc(151)] SuspendThread: Access is denied. (0x5)
[0623/210219.837:ERROR:process_reader_win.cc(151)] SuspendThread: Access is denied. (0x5)
[0623/210219.837:ERROR:process_reader_win.cc(151)] SuspendThread: Access is denied. (0x5)
[0623/210219.837:ERROR:process_reader_win.cc(151)] SuspendThread: Access is denied. (0x5)
[0623/210219.837:ERROR:process_info.cc(556)] ReadMemoryInfo failed
[0623/210219.837:ERROR:process_reader_win.cc(151)] SuspendThread: Access is denied. (0x5)
[0623/210219.837:ERROR:process_reader_win.cc(151)] SuspendThread: Access is denied. (0x5)
[0623/210219.837:ERROR:process_reader_win.cc(151)] SuspendThread: Access is denied. (0x5)
[0623/210219.837:ERROR:process_reader_win.cc(151)] SuspendThread: Access is denied. (0x5)
[0623/210219.837:ERROR:process_reader_win.cc(151)] SuspendThread: Access is denied. (0x5)
[0623/210219.837:ERROR:process_reader_win.cc(151)] SuspendThread: Access is denied. (0x5)
[0623/210219.837:ERROR:process_reader_win.cc(151)] SuspendThread: Access is denied. (0x5)
[0623/210219.837:ERROR:process_reader_win.cc(151)] SuspendThread: Access is denied. (0x5)
[0623/210219.837:ERROR:process_reader_win.cc(151)] SuspendThread: Access is denied. (0x5)
[0623/210219.837:ERROR:process_reader_win.cc(151)] SuspendThread: Access is denied. (0x5)
[0623/210219.837:ERROR:process_reader_win.cc(151)] SuspendThread: Access is denied. (0x5)
[0623/210219.837:ERROR:process_reader_win.cc(151)] SuspendThread: Access is denied. (0x5)
[0623/210219.837:ERROR:process_reader_win.cc(151)] SuspendThread: Access is denied. (0x5)
[0623/210219.837:ERROR:process_reader_win.cc(151)] SuspendThread: Access is denied. (0x5)
[0623/210219.837:ERROR:process_reader_win.cc(151)] SuspendThread: Access is denied. (0x5)
[0623/210219.837:ERROR:process_reader_win.cc(151)] SuspendThread: Access is denied. (0x5)
[0623/210219.837:ERROR:process_reader_win.cc(151)] SuspendThread: Access is denied. (0x5)
[0623/210219.837:ERROR:process_reader_win.cc(151)] SuspendThread: Access is denied. (0x5)
[0623/210219.838:ERROR:process_reader_win.cc(151)] SuspendThread: Access is denied. (0x5)
[0623/210219.838:ERROR:process_reader_win.cc(151)] SuspendThread: Access is denied. (0x5)
[0623/210219.838:ERROR:process_reader_win.cc(151)] SuspendThread: Access is denied. (0x5)
[0623/210219.838:ERROR:process_reader_win.cc(151)] SuspendThread: Access is denied. (0x5)
[0623/210220.051:ERROR:process_reader_win.cc(151)] SuspendThread: Access is denied. (0x5)
[0623/210220.051:ERROR:process_reader_win.cc(151)] SuspendThread: Access is denied. (0x5)
[0623/210220.051:ERROR:process_reader_win.cc(151)] SuspendThread: Access is denied. (0x5)
[0623/210220.051:ERROR:process_reader_win.cc(151)] SuspendThread: Access is denied. (0x5)
[0623/210220.051:ERROR:process_reader_win.cc(151)] SuspendThread: Access is denied. (0x5)
[0623/210220.051:ERROR:process_reader_win.cc(151)] SuspendThread: Access is denied. (0x5)
[0623/210220.051:ERROR:process_reader_win.cc(151)] SuspendThread: Access is denied. (0x5)
[0623/210220.051:ERROR:process_reader_win.cc(151)] SuspendThread: Access is denied. (0x5)
[0623/210220.051:ERROR:process_reader_win.cc(151)] SuspendThread: Access is denied. (0x5)
[0623/210220.051:ERROR:process_reader_win.cc(151)] SuspendThread: Access is denied. (0x5)
[0623/210220.051:ERROR:process_reader_win.cc(151)] SuspendThread: Access is denied. (0x5)
[0623/210220.051:ERROR:process_reader_win.cc(151)] SuspendThread: Access is denied. (0x5)
[0623/210220.051:ERROR:process_reader_win.cc(151)] SuspendThread: Access is denied. (0x5)
[0623/210220.051:ERROR:process_reader_win.cc(151)] SuspendThread: Access is denied. (0x5)
[0623/210220.051:ERROR:process_reader_win.cc(151)] SuspendThread: Access is denied. (0x5)
[0623/210220.051:ERROR:process_reader_win.cc(151)] SuspendThread: Access is denied. (0x5)
[0623/210220.051:ERROR:process_reader_win.cc(151)] SuspendThread: Access is denied. (0x5)
[0623/210220.051:ERROR:process_reader_win.cc(151)] SuspendThread: Access is denied. (0x5)
[0623/210220.051:ERROR:process_reader_win.cc(151)] SuspendThread: Access is denied. (0x5)
[0623/210220.051:ERROR:process_reader_win.cc(151)] SuspendThread: Access is denied. (0x5)
[0623/210220.051:ERROR:process_reader_win.cc(151)] SuspendThread: Access is denied. (0x5)
[0623/210220.051:ERROR:process_reader_win.cc(151)] SuspendThread: Access is denied. (0x5)
[0623/210220.051:ERROR:process_reader_win.cc(151)] SuspendThread: Access is denied. (0x5)
[0623/210220.051:ERROR:process_reader_win.cc(151)] SuspendThread: Access is denied. (0x5)
[0623/210220.051:ERROR:process_reader_win.cc(151)] SuspendThread: Access is denied. (0x5)
[0623/210220.052:ERROR:process_reader_win.cc(151)] SuspendThread: Access is denied. (0x5)
[0623/210220.052:ERROR:process_reader_win.cc(151)] SuspendThread: Access is denied. (0x5)
[0623/210220.052:ERROR:process_reader_win.cc(151)] SuspendThread: Access is denied. (0x5)
[0623/210220.052:ERROR:process_reader_win.cc(151)] SuspendThread: Access is denied. (0x5)
[0623/210220.052:ERROR:process_reader_win.cc(151)] SuspendThread: Access is denied. (0x5)
[0623/210220.052:ERROR:process_reader_win.cc(151)] SuspendThread: Access is denied. (0x5)
[0623/210220.052:ERROR:process_reader_win.cc(151)] SuspendThread: Access is denied. (0x5)
[0623/210219.838:ERROR:process_reader_win.cc(123)] NtOpenThread: {Access Denied} A process has requested access to an object, but has not been granted those access rights. (0xc0000022)
[0623/210219.774:ERROR:process_reader_win.cc(123)] NtOpenThread: {Access Denied} A process has requested access to an object, but has not been granted those access rights. (0xc0000022)
[0623/210220.323:ERROR:exception_snapshot_win.cc(98)] thread ID 25652 not found in process
[0623/210220.052:ERROR:process_reader_win.cc(123)] NtOpenThread: {Access Denied} A process has requested access to an object, but has not been granted those access rights. (0xc0000022)
[0623/210219.774:ERROR:process_reader_win.cc(123)] NtOpenThread: {Access Denied} A process has requested access to an object, but has not been granted those access rights. (0xc0000022)
[0623/210219.837:ERROR:process_reader_win.cc(123)] NtOpenThread: {Access Denied} A process has requested access to an object, but has not been granted those access rights. (0xc0000022)
[0623/210219.838:ERROR:process_reader_win.cc(123)] NtOpenThread: {Access Denied} A process has requested access to an object, but has not been granted those access rights. (0xc0000022)
[0623/210219.838:ERROR:process_reader_win.cc(123)] NtOpenThread: {Access Denied} A process has requested access to an object, but has not been granted those access rights. (0xc0000022)
[0623/210220.323:ERROR:exception_snapshot_win.cc(98)] thread ID 19672 not found in process
[0623/210220.323:ERROR:exception_snapshot_win.cc(98)] thread ID 17912 not found in process
[0623/210220.323:ERROR:exception_snapshot_win.cc(98)] thread ID 30292 not found in process
[0623/210220.323:ERROR:exception_snapshot_win.cc(98)] thread ID 16888 not found in process
[0623/210220.323:ERROR:exception_snapshot_win.cc(98)] thread ID 13408 not found in process
[0623/210220.323:ERROR:exception_snapshot_win.cc(98)] thread ID 23868 not found in process
[0623/210219.837:ERROR:process_reader_win.cc(123)] NtOpenThread: {Access Denied} A process has requested access to an object, but has not been granted those access rights. (0xc0000022)
[0623/210220.384:ERROR:exception_snapshot_win.cc(98)] thread ID 25632 not found in process
[0623/210219.837:ERROR:scoped_process_suspend.cc(40)] NtResumeProcess: An attempt was made to access an exiting process. (0xc000010a)
[0623/210219.519:ERROR:scoped_process_suspend.cc(31)] NtSuspendProcess: An attempt was made to access an exiting process. (0xc000010a)
[0623/210219.837:ERROR:process_reader_win.cc(123)] NtOpenThread: {Access Denied} A process has requested access to an object, but has not been granted those access rights. (0xc0000022)
[0623/210220.414:ERROR:exception_snapshot_win.cc(98)] thread ID 30472 not found in process
[0623/210220.051:ERROR:process_reader_win.cc(123)] NtOpenThread: {Access Denied} A process has requested access to an object, but has not been granted those access rights. (0xc0000022)
[0623/210220.414:ERROR:exception_snapshot_win.cc(98)] thread ID 22588 not found in process
[0623/210219.838:ERROR:process_reader_win.cc(123)] NtOpenThread: {Access Denied} A process has requested access to an object, but has not been granted those access rights. (0xc0000022)
[0623/210220.353:ERROR:process_reader_win.cc(123)] NtOpenThread: {Access Denied} A process has requested access to an object, but has not been granted those access rights. (0xc0000022)
[0623/210220.387:ERROR:process_reader_win.cc(123)] NtOpenThread: {Access Denied} A process has requested access to an object, but has not been granted those access rights. (0xc0000022)
[0623/210220.388:ERROR:process_reader_win.cc(123)] NtOpenThread: {Access Denied} A process has requested access to an object, but has not been granted those access rights. (0xc0000022)
[0623/210220.389:ERROR:scoped_process_suspend.cc(31)] NtSuspendProcess: An attempt was made to access an exiting process. (0xc000010a)
[0623/210220.414:ERROR:exception_snapshot_win.cc(98)] thread ID 29756 not found in process
[0623/210220.389:ERROR:process_reader_win.cc(123)] NtOpenThread: {Access Denied} A process has requested access to an object, but has not been granted those access rights. (0xc0000022)
[0623/210220.395:ERROR:process_reader_win.cc(123)] NtOpenThread: {Access Denied} A process has requested access to an object, but has not been granted those access rights. (0xc0000022)
[0623/210220.412:ERROR:process_reader_win.cc(123)] NtOpenThread: {Access Denied} A process has requested access to an object, but has not been granted those access rights. (0xc0000022)
[0623/210220.414:ERROR:exception_snapshot_win.cc(98)] thread ID 24400 not found in process
[0623/210219.773:ERROR:process_reader_win.cc(123)] NtOpenThread: {Access Denied} A process has requested access to an object, but has not been granted those access rights. (0xc0000022)
[0623/210220.414:ERROR:exception_snapshot_win.cc(98)] thread ID 20536 not found in process
[0623/210219.837:ERROR:process_reader_win.cc(123)] NtOpenThread: {Access Denied} A process has requested access to an object, but has not been granted those access rights. (0xc0000022)
[0623/210220.353:ERROR:process_reader_win.cc(151)] SuspendThread: Access is denied. (0x5)
[0623/210220.414:ERROR:exception_snapshot_win.cc(98)] thread ID 21976 not found in process
[0623/210220.414:ERROR:process_reader_win.cc(151)] SuspendThread: Access is denied. (0x5)
[0623/210220.414:ERROR:process_reader_win.cc(151)] SuspendThread: Access is denied. (0x5)
[0623/210220.414:ERROR:process_reader_win.cc(151)] SuspendThread: Access is denied. (0x5)
[0623/210220.414:ERROR:process_reader_win.cc(151)] SuspendThread: Access is denied. (0x5)
[0623/210220.414:ERROR:process_reader_win.cc(151)] SuspendThread: Access is denied. (0x5)
[0623/210220.414:ERROR:process_reader_win.cc(151)] SuspendThread: Access is denied. (0x5)
[0623/210220.415:ERROR:exception_snapshot_win.cc(98)] thread ID 29768 not found in process
[0623/210220.415:ERROR:exception_snapshot_win.cc(98)] thread ID 20540 not found in process
[0623/210219.838:ERROR:process_reader_win.cc(123)] NtOpenThread: {Access Denied} A process has requested access to an object, but has not been granted those access rights. (0xc0000022)
[0623/210220.414:ERROR:exception_snapshot_win.cc(98)] thread ID 27768 not found in process
[0623/210220.051:ERROR:process_reader_win.cc(123)] NtOpenThread: {Access Denied} A process has requested access to an object, but has not been granted those access rights. (0xc0000022)
[0623/210220.415:ERROR:process_reader_win.cc(123)] NtOpenThread: {Access Denied} A process has requested access to an object, but has not been granted those access rights. (0xc0000022)
[0623/210220.414:ERROR:exception_snapshot_win.cc(98)] thread ID 23384 not found in process
[0623/210220.415:ERROR:exception_snapshot_win.cc(98)] thread ID 29804 not found in process
[0623/210220.415:ERROR:exception_snapshot_win.cc(98)] thread ID 31300 not found in process
[0623/210220.051:ERROR:process_reader_win.cc(123)] NtOpenThread: {Access Denied} A process has requested access to an object, but has not been granted those access rights. (0xc0000022)
[0623/210220.415:ERROR:exception_snapshot_win.cc(98)] thread ID 18936 not found in process
[0623/210220.414:ERROR:process_info.cc(118)] ReadProcessMemory bool __cdecl crashpad::(anonymous namespace)::ReadStruct(HANDLE, crashpad::WinVMAddress, T *) [T = crashpad::process_types::PEB<crashpad::process_types::internal::Traits64>]: Only part of a ReadProcessMemory or WriteProcessMemory request was completed. (0x12B)
[0623/210220.416:ERROR:process_info.cc(551)] ReadProcessData failed
[0623/210220.414:ERROR:process_info.cc(118)] ReadProcessMemory bool __cdecl crashpad::(anonymous namespace)::ReadStruct(HANDLE, crashpad::WinVMAddress, T *) [T = crashpad::process_types::PEB<crashpad::process_types::internal::Traits64>]: Only part of a ReadProcessMemory or WriteProcessMemory request was completed. (0x12B)
[0623/210220.416:ERROR:process_info.cc(551)] ReadProcessData failed
[0623/210220.418:ERROR:exception_snapshot_win.cc(98)] thread ID 28316 not found in process
[0623/210220.418:ERROR:exception_snapshot_win.cc(98)] thread ID 31668 not found in process
[0623/210220.447:ERROR:process_reader_win.cc(151)] SuspendThread: Access is denied. (0x5)
[0623/210220.447:ERROR:process_reader_win.cc(151)] SuspendThread: Access is denied. (0x5)
[0623/210220.447:ERROR:process_reader_win.cc(151)] SuspendThread: Access is denied. (0x5)
[0623/210220.447:ERROR:process_reader_win.cc(151)] SuspendThread: Access is denied. (0x5)
[0623/210220.447:ERROR:process_reader_win.cc(151)] SuspendThread: Access is denied. (0x5)
[0623/210220.447:ERROR:process_reader_win.cc(151)] SuspendThread: Access is denied. (0x5)
[0623/210220.447:ERROR:process_reader_win.cc(151)] SuspendThread: Access is denied. (0x5)
[0623/210220.447:ERROR:process_reader_win.cc(123)] NtOpenThread: {Access Denied} A process has requested access to an object, but has not been granted those access rights. (0xc0000022)
[0623/210220.447:ERROR:exception_snapshot_win.cc(98)] thread ID 17228 not found in process
[0623/210220.447:ERROR:process_reader_win.cc(151)] SuspendThread: Access is denied. (0x5)
[0623/210220.448:ERROR:process_reader_win.cc(151)] SuspendThread: Access is denied. (0x5)
[0623/210220.448:ERROR:process_reader_win.cc(151)] SuspendThread: Access is denied. (0x5)
[0623/210220.448:ERROR:process_reader_win.cc(151)] SuspendThread: Access is denied. (0x5)
[0623/210220.448:ERROR:process_reader_win.cc(151)] SuspendThread: Access is denied. (0x5)
[0623/210220.448:ERROR:process_reader_win.cc(151)] SuspendThread: Access is denied. (0x5)
[0623/210220.448:ERROR:process_reader_win.cc(151)] SuspendThread: Access is denied. (0x5)
[0623/210220.448:ERROR:process_reader_win.cc(123)] NtOpenThread: {Access Denied} A process has requested access to an object, but has not been granted those access rights. (0xc0000022)
[0623/210220.448:ERROR:process_reader_win.cc(151)] SuspendThread: Access is denied. (0x5)
[0623/210220.448:ERROR:exception_snapshot_win.cc(98)] thread ID 29988 not found in process
[0623/210220.448:ERROR:process_reader_win.cc(151)] SuspendThread: Access is denied. (0x5)
[0623/210220.448:ERROR:process_reader_win.cc(151)] SuspendThread: Access is denied. (0x5)
[0623/210220.448:ERROR:process_reader_win.cc(151)] SuspendThread: Access is denied. (0x5)
[0623/210220.448:ERROR:process_reader_win.cc(151)] SuspendThread: Access is denied. (0x5)
[0623/210220.448:ERROR:process_reader_win.cc(151)] SuspendThread: Access is denied. (0x5)
[0623/210220.448:ERROR:process_reader_win.cc(151)] SuspendThread: Access is denied. (0x5)
[0623/210220.448:ERROR:process_reader_win.cc(151)] SuspendThread: Access is denied. (0x5)
[0623/210220.448:ERROR:process_reader_win.cc(123)] NtOpenThread: {Access Denied} A process has requested access to an object, but has not been granted those access rights. (0xc0000022)
[0623/210220.449:ERROR:exception_snapshot_win.cc(98)] thread ID 20932 not found in process
[0623/210220.461:ERROR:process_reader_win.cc(151)] SuspendThread: Access is denied. (0x5)
[0623/210220.461:ERROR:process_reader_win.cc(151)] SuspendThread: Access is denied. (0x5)
[0623/210220.461:ERROR:process_reader_win.cc(151)] SuspendThread: Access is denied. (0x5)
[0623/210220.461:ERROR:process_reader_win.cc(151)] SuspendThread: Access is denied. (0x5)
[0623/210220.461:ERROR:process_reader_win.cc(151)] SuspendThread: Access is denied. (0x5)
[0623/210220.461:ERROR:process_reader_win.cc(151)] SuspendThread: Access is denied. (0x5)
[0623/210220.461:ERROR:process_reader_win.cc(151)] SuspendThread: Access is denied. (0x5)
[0623/210220.461:ERROR:process_reader_win.cc(151)] SuspendThread: Access is denied. (0x5)
[0623/210220.461:ERROR:process_reader_win.cc(151)] SuspendThread: Access is denied. (0x5)
[0623/210220.461:ERROR:process_reader_win.cc(123)] NtOpenThread: {Access Denied} A process has requested access to an object, but has not been granted those access rights. (0xc0000022)
[0623/210220.461:ERROR:exception_snapshot_win.cc(98)] thread ID 30880 not found in process
[0623/210220.478:ERROR:process_reader_win.cc(151)] SuspendThread: Access is denied. (0x5)
[0623/210220.478:ERROR:process_reader_win.cc(151)] SuspendThread: Access is denied. (0x5)
[0623/210220.478:ERROR:process_reader_win.cc(151)] SuspendThread: Access is denied. (0x5)
[0623/210220.478:ERROR:process_reader_win.cc(151)] SuspendThread: Access is denied. (0x5)
[0623/210220.478:ERROR:process_reader_win.cc(151)] SuspendThread: Access is denied. (0x5)
[0623/210220.478:ERROR:process_reader_win.cc(151)] SuspendThread: Access is denied. (0x5)
[0623/210220.478:ERROR:process_reader_win.cc(151)] SuspendThread: Access is denied. (0x5)
[0623/210220.478:ERROR:process_reader_win.cc(123)] NtOpenThread: {Access Denied} A process has requested access to an object, but has not been granted those access rights. (0xc0000022)
[0623/210220.478:ERROR:exception_snapshot_win.cc(98)] thread ID 29976 not found in process
[0623/210220.491:ERROR:process_reader_win.cc(151)] SuspendThread: Access is denied. (0x5)
[0623/210220.491:ERROR:process_reader_win.cc(151)] SuspendThread: Access is denied. (0x5)
[0623/210220.491:ERROR:process_reader_win.cc(151)] SuspendThread: Access is denied. (0x5)
[0623/210220.491:ERROR:process_reader_win.cc(151)] SuspendThread: Access is denied. (0x5)
[0623/210220.491:ERROR:process_reader_win.cc(151)] SuspendThread: Access is denied. (0x5)
[0623/210220.491:ERROR:process_reader_win.cc(151)] SuspendThread: Access is denied. (0x5)
[0623/210220.491:ERROR:process_reader_win.cc(151)] SuspendThread: Access is denied. (0x5)
[0623/210220.491:ERROR:process_reader_win.cc(151)] SuspendThread: Access is denied. (0x5)
[0623/210220.491:ERROR:process_reader_win.cc(123)] NtOpenThread: {Access Denied} A process has requested access to an object, but has not been granted those access rights. (0xc0000022)
[0623/210220.492:ERROR:exception_snapshot_win.cc(98)] thread ID 24360 not found in process
[0623/210220.507:ERROR:process_reader_win.cc(123)] NtOpenThread: {Access Denied} A process has requested access to an object, but has not been granted those access rights. (0xc0000022)
[0623/210220.507:ERROR:exception_snapshot_win.cc(98)] thread ID 27668 not found in process
[0623/210220.522:ERROR:process_reader_win.cc(151)] SuspendThread: Access is denied. (0x5)
[0623/210220.522:ERROR:process_reader_win.cc(151)] SuspendThread: Access is denied. (0x5)
[0623/210220.522:ERROR:process_reader_win.cc(151)] SuspendThread: Access is denied. (0x5)
[0623/210220.522:ERROR:process_reader_win.cc(151)] SuspendThread: Access is denied. (0x5)
[0623/210220.522:ERROR:process_reader_win.cc(151)] SuspendThread: Access is denied. (0x5)
[0623/210220.522:ERROR:process_reader_win.cc(151)] SuspendThread: Access is denied. (0x5)
[0623/210220.522:ERROR:process_reader_win.cc(151)] SuspendThread: Access is denied. (0x5)
[0623/210220.522:ERROR:process_reader_win.cc(151)] SuspendThread: Access is denied. (0x5)
[0623/210220.522:ERROR:process_reader_win.cc(151)] SuspendThread: Access is denied. (0x5)
[0623/210220.522:ERROR:process_reader_win.cc(123)] NtOpenThread: {Access Denied} A process has requested access to an object, but has not been granted those access rights. (0xc0000022)
[0623/210220.523:ERROR:exception_snapshot_win.cc(98)] thread ID 27296 not found in process
[0623/210220.526:ERROR:process_reader_win.cc(151)] SuspendThread: Access is denied. (0x5)
[0623/210220.526:ERROR:process_reader_win.cc(151)] SuspendThread: Access is denied. (0x5)
[0623/210220.526:ERROR:process_reader_win.cc(151)] SuspendThread: Access is denied. (0x5)
[0623/210220.526:ERROR:process_reader_win.cc(151)] SuspendThread: Access is denied. (0x5)
[0623/210220.526:ERROR:process_reader_win.cc(151)] SuspendThread: Access is denied. (0x5)
[0623/210220.526:ERROR:process_reader_win.cc(151)] SuspendThread: Access is denied. (0x5)
[0623/210220.526:ERROR:process_reader_win.cc(151)] SuspendThread: Access is denied. (0x5)
[0623/210220.526:ERROR:process_reader_win.cc(151)] SuspendThread: Access is denied. (0x5)
[0623/210220.526:ERROR:process_reader_win.cc(123)] NtOpenThread: {Access Denied} A process has requested access to an object, but has not been granted those access rights. (0xc0000022)
[0623/210220.527:ERROR:exception_snapshot_win.cc(98)] thread ID 30648 not found in process
[0623/210220.532:ERROR:process_reader_win.cc(151)] SuspendThread: Access is denied. (0x5)
[0623/210220.532:ERROR:process_reader_win.cc(151)] SuspendThread: Access is denied. (0x5)
[0623/210220.532:ERROR:process_reader_win.cc(151)] SuspendThread: Access is denied. (0x5)
[0623/210220.532:ERROR:process_reader_win.cc(151)] SuspendThread: Access is denied. (0x5)
[0623/210220.532:ERROR:process_reader_win.cc(151)] SuspendThread: Access is denied. (0x5)
[0623/210220.532:ERROR:process_reader_win.cc(151)] SuspendThread: Access is denied. (0x5)
[0623/210220.532:ERROR:process_reader_win.cc(151)] SuspendThread: Access is denied. (0x5)
[0623/210220.532:ERROR:process_reader_win.cc(123)] NtOpenThread: {Access Denied} A process has requested access to an object, but has not been granted those access rights. (0xc0000022)
[0623/210220.532:ERROR:exception_snapshot_win.cc(98)] thread ID 29836 not found in process
[0623/210220.556:ERROR:process_reader_win.cc(151)] SuspendThread: Access is denied. (0x5)
[0623/210220.556:ERROR:process_reader_win.cc(151)] SuspendThread: Access is denied. (0x5)
[0623/210220.556:ERROR:process_reader_win.cc(151)] SuspendThread: Access is denied. (0x5)
[0623/210220.556:ERROR:process_reader_win.cc(151)] SuspendThread: Access is denied. (0x5)
[0623/210220.556:ERROR:process_reader_win.cc(151)] SuspendThread: Access is denied. (0x5)
[0623/210220.556:ERROR:process_reader_win.cc(151)] SuspendThread: Access is denied. (0x5)
[0623/210220.557:ERROR:process_reader_win.cc(151)] SuspendThread: Access is denied. (0x5)
[0623/210220.557:ERROR:process_reader_win.cc(151)] SuspendThread: Access is denied. (0x5)
[0623/210220.557:ERROR:process_reader_win.cc(123)] NtOpenThread: {Access Denied} A process has requested access to an object, but has not been granted those access rights. (0xc0000022)
[0623/210220.557:ERROR:exception_snapshot_win.cc(98)] thread ID 30168 not found in process
[0623/210220.574:ERROR:process_reader_win.cc(151)] SuspendThread: Access is denied. (0x5)
[0623/210220.574:ERROR:process_reader_win.cc(151)] SuspendThread: Access is denied. (0x5)
[0623/210220.574:ERROR:process_reader_win.cc(151)] SuspendThread: Access is denied. (0x5)
[0623/210220.574:ERROR:process_reader_win.cc(151)] SuspendThread: Access is denied. (0x5)
[0623/210220.574:ERROR:process_reader_win.cc(151)] SuspendThread: Access is denied. (0x5)
[0623/210220.574:ERROR:process_reader_win.cc(151)] SuspendThread: Access is denied. (0x5)
[0623/210220.574:ERROR:process_reader_win.cc(151)] SuspendThread: Access is denied. (0x5)
[0623/210220.574:ERROR:process_reader_win.cc(151)] SuspendThread: Access is denied. (0x5)
[0623/210220.574:ERROR:process_reader_win.cc(123)] NtOpenThread: {Access Denied} A process has requested access to an object, but has not been granted those access rights. (0xc0000022)
[0623/210220.574:ERROR:exception_snapshot_win.cc(98)] thread ID 31396 not found in process
[0623/210220.576:ERROR:process_reader_win.cc(151)] SuspendThread: Access is denied. (0x5)
[0623/210220.576:ERROR:process_reader_win.cc(151)] SuspendThread: Access is denied. (0x5)
[0623/210220.576:ERROR:process_reader_win.cc(151)] SuspendThread: Access is denied. (0x5)
[0623/210220.576:ERROR:process_reader_win.cc(151)] SuspendThread: Access is denied. (0x5)
[0623/210220.576:ERROR:process_reader_win.cc(151)] SuspendThread: Access is denied. (0x5)
[0623/210220.576:ERROR:process_reader_win.cc(151)] SuspendThread: Access is denied. (0x5)
[0623/210220.576:ERROR:process_reader_win.cc(151)] SuspendThread: Access is denied. (0x5)
[0623/210220.576:ERROR:process_reader_win.cc(123)] NtOpenThread: {Access Denied} A process has requested access to an object, but has not been granted those access rights. (0xc0000022)
[0623/210220.576:ERROR:exception_snapshot_win.cc(98)] thread ID 28252 not found in process
[0623/210220.578:ERROR:process_reader_win.cc(123)] NtOpenThread: {Access Denied} A process has requested access to an object, but has not been granted those access rights. (0xc0000022)
[0623/210220.578:ERROR:exception_snapshot_win.cc(98)] thread ID 11476 not found in process
[0623/210220.588:ERROR:process_reader_win.cc(151)] SuspendThread: Access is denied. (0x5)
[0623/210220.588:ERROR:process_reader_win.cc(151)] SuspendThread: Access is denied. (0x5)
[0623/210220.588:ERROR:process_reader_win.cc(151)] SuspendThread: Access is denied. (0x5)
[0623/210220.588:ERROR:process_reader_win.cc(151)] SuspendThread: Access is denied. (0x5)
[0623/210220.588:ERROR:process_reader_win.cc(123)] NtOpenThread: {Access Denied} A process has requested access to an object, but has not been granted those access rights. (0xc0000022)
[0623/210220.588:ERROR:exception_snapshot_win.cc(98)] thread ID 25152 not found in process
[0623/210220.608:ERROR:process_reader_win.cc(151)] SuspendThread: Access is denied. (0x5)
[0623/210220.608:ERROR:process_reader_win.cc(151)] SuspendThread: Access is denied. (0x5)
[0623/210220.608:ERROR:process_reader_win.cc(151)] SuspendThread: Access is denied. (0x5)
[0623/210220.608:ERROR:process_reader_win.cc(151)] SuspendThread: Access is denied. (0x5)
[0623/210220.608:ERROR:process_reader_win.cc(151)] SuspendThread: Access is denied. (0x5)
[0623/210220.608:ERROR:process_reader_win.cc(151)] SuspendThread: Access is denied. (0x5)
[0623/210220.608:ERROR:process_reader_win.cc(151)] SuspendThread: Access is denied. (0x5)
[0623/210220.608:ERROR:process_reader_win.cc(151)] SuspendThread: Access is denied. (0x5)
[0623/210220.608:ERROR:process_reader_win.cc(123)] NtOpenThread: {Access Denied} A process has requested access to an object, but has not been granted those access rights. (0xc0000022)
[0623/210220.608:ERROR:exception_snapshot_win.cc(98)] thread ID 12080 not found in process
[0623/210220.799:ERROR:process_reader_win.cc(151)] SuspendThread: Access is denied. (0x5)
[0623/210220.799:ERROR:process_reader_win.cc(151)] SuspendThread: Access is denied. (0x5)
[0623/210220.799:ERROR:process_reader_win.cc(151)] SuspendThread: Access is denied. (0x5)
[0623/210220.799:ERROR:process_reader_win.cc(151)] SuspendThread: Access is denied. (0x5)
[0623/210220.799:ERROR:process_reader_win.cc(151)] SuspendThread: Access is denied. (0x5)
[0623/210220.799:ERROR:process_reader_win.cc(151)] SuspendThread: Access is denied. (0x5)
[0623/210220.799:ERROR:process_reader_win.cc(151)] SuspendThread: Access is denied. (0x5)
[0623/210220.799:ERROR:process_reader_win.cc(151)] SuspendThread: Access is denied. (0x5)
[0623/210220.799:ERROR:process_reader_win.cc(151)] SuspendThread: Access is denied. (0x5)
[0623/210220.799:ERROR:process_reader_win.cc(123)] NtOpenThread: {Access Denied} A process has requested access to an object, but has not been granted those access rights. (0xc0000022)
[0623/210220.799:ERROR:exception_snapshot_win.cc(98)] thread ID 30140 not found in process
